Determining if the pthread_create exist failed with the following output:
Change Dir: /home/chenshengchen/ros/workspace/RCH_tutorial_5_R_2017WS_template/build/CMakeFiles/CMakeTmp

Run Build Command:"/usr/bin/make" "cmTC_498bf/fast"
/usr/bin/make -f CMakeFiles/cmTC_498bf.dir/build.make CMakeFiles/cmTC_498bf.dir/build
make[1]: Entering directory '/home/chenshengchen/ros/workspace/RCH_tutorial_5_R_2017WS_template/build/CMakeFiles/CMakeTmp'
Building C object CMakeFiles/cmTC_498bf.dir/CheckSymbolExists.c.o
/usr/bin/cc     -o CMakeFiles/cmTC_498bf.dir/CheckSymbolExists.c.o   -c /home/chenshengchen/ros/workspace/RCH_tutorial_5_R_2017WS_template/build/CMakeFiles/CMakeTmp/CheckSymbolExists.c
Linking C executable cmTC_498bf
/usr/bin/cmake -E cmake_link_script CMakeFiles/cmTC_498bf.dir/link.txt --verbose=1
/usr/bin/cc       CMakeFiles/cmTC_498bf.dir/CheckSymbolExists.c.o  -o cmTC_498bf -rdynamic 
CMakeFiles/cmTC_498bf.dir/CheckSymbolExists.c.o: In function `main':
CheckSymbolExists.c:(.text+0x16): undefined reference to `pthread_create'
collect2: error: ld returned 1 exit status
CMakeFiles/cmTC_498bf.dir/build.make:97: recipe for target 'cmTC_498bf' failed
make[1]: *** [cmTC_498bf] Error 1
make[1]: Leaving directory '/home/chenshengchen/ros/workspace/RCH_tutorial_5_R_2017WS_template/build/CMakeFiles/CMakeTmp'
Makefile:126: recipe for target 'cmTC_498bf/fast' failed
make: *** [cmTC_498bf/fast] Error 2

File /home/chenshengchen/ros/workspace/RCH_tutorial_5_R_2017WS_template/build/CMakeFiles/CMakeTmp/CheckSymbolExists.c:
/* */
#include <pthread.h>

int main(int argc, char** argv)
{
  (void)argv;
#ifndef pthread_create
  return ((int*)(&pthread_create))[argc];
#else
  (void)argc;
  return 0;
#endif
}

Determining if the function pthread_create exists in the pthreads failed with the following output:
Change Dir: /home/chenshengchen/ros/workspace/RCH_tutorial_5_R_2017WS_template/build/CMakeFiles/CMakeTmp

Run Build Command:"/usr/bin/make" "cmTC_7b496/fast"
/usr/bin/make -f CMakeFiles/cmTC_7b496.dir/build.make CMakeFiles/cmTC_7b496.dir/build
make[1]: Entering directory '/home/chenshengchen/ros/workspace/RCH_tutorial_5_R_2017WS_template/build/CMakeFiles/CMakeTmp'
Building C object CMakeFiles/cmTC_7b496.dir/CheckFunctionExists.c.o
/usr/bin/cc    -DCHECK_FUNCTION_EXISTS=pthread_create   -o CMakeFiles/cmTC_7b496.dir/CheckFunctionExists.c.o   -c /usr/share/cmake-3.5/Modules/CheckFunctionExists.c
Linking C executable cmTC_7b496
/usr/bin/cmake -E cmake_link_script CMakeFiles/cmTC_7b496.dir/link.txt --verbose=1
/usr/bin/cc   -DCHECK_FUNCTION_EXISTS=pthread_create    CMakeFiles/cmTC_7b496.dir/CheckFunctionExists.c.o  -o cmTC_7b496 -rdynamic -lpthreads 
/usr/bin/ld: cannot find -lpthreads
collect2: error: ld returned 1 exit status
CMakeFiles/cmTC_7b496.dir/build.make:97: recipe for target 'cmTC_7b496' failed
make[1]: *** [cmTC_7b496] Error 1
make[1]: Leaving directory '/home/chenshengchen/ros/workspace/RCH_tutorial_5_R_2017WS_template/build/CMakeFiles/CMakeTmp'
Makefile:126: recipe for target 'cmTC_7b496/fast' failed
make: *** [cmTC_7b496/fast] Error 2


