Determining if the pthread_create exist failed with the following output:
Change Dir: /home/chenshengchen/ros/workspace/catkin_workspace/build/CMakeFiles/CMakeTmp

Run Build Command:"/usr/bin/make" "cmTC_862fb/fast"
/usr/bin/make -f CMakeFiles/cmTC_862fb.dir/build.make CMakeFiles/cmTC_862fb.dir/build
make[1]: Entering directory '/home/chenshengchen/ros/workspace/catkin_workspace/build/CMakeFiles/CMakeTmp'
Building C object CMakeFiles/cmTC_862fb.dir/CheckSymbolExists.c.o
/usr/bin/cc     -o CMakeFiles/cmTC_862fb.dir/CheckSymbolExists.c.o   -c /home/chenshengchen/ros/workspace/catkin_workspace/build/CMakeFiles/CMakeTmp/CheckSymbolExists.c
Linking C executable cmTC_862fb
/usr/bin/cmake -E cmake_link_script CMakeFiles/cmTC_862fb.dir/link.txt --verbose=1
/usr/bin/cc       CMakeFiles/cmTC_862fb.dir/CheckSymbolExists.c.o  -o cmTC_862fb -rdynamic 
CMakeFiles/cmTC_862fb.dir/CheckSymbolExists.c.o: In function `main':
CheckSymbolExists.c:(.text+0x16): undefined reference to `pthread_create'
collect2: error: ld returned 1 exit status
CMakeFiles/cmTC_862fb.dir/build.make:97: recipe for target 'cmTC_862fb' failed
make[1]: *** [cmTC_862fb] Error 1
make[1]: Leaving directory '/home/chenshengchen/ros/workspace/catkin_workspace/build/CMakeFiles/CMakeTmp'
Makefile:126: recipe for target 'cmTC_862fb/fast' failed
make: *** [cmTC_862fb/fast] Error 2

File /home/chenshengchen/ros/workspace/catkin_workspace/build/CMakeFiles/CMakeTmp/CheckSymbolExists.c:
/* */
#include <pthread.h>

int main(int argc, char** argv)
{
  (void)argv;
#ifndef pthread_create
  return ((int*)(&pthread_create))[argc];
#else
  (void)argc;
  return 0;
#endif
}

Determining if the function pthread_create exists in the pthreads failed with the following output:
Change Dir: /home/chenshengchen/ros/workspace/catkin_workspace/build/CMakeFiles/CMakeTmp

Run Build Command:"/usr/bin/make" "cmTC_509a4/fast"
/usr/bin/make -f CMakeFiles/cmTC_509a4.dir/build.make CMakeFiles/cmTC_509a4.dir/build
make[1]: Entering directory '/home/chenshengchen/ros/workspace/catkin_workspace/build/CMakeFiles/CMakeTmp'
Building C object CMakeFiles/cmTC_509a4.dir/CheckFunctionExists.c.o
/usr/bin/cc    -DCHECK_FUNCTION_EXISTS=pthread_create   -o CMakeFiles/cmTC_509a4.dir/CheckFunctionExists.c.o   -c /usr/share/cmake-3.5/Modules/CheckFunctionExists.c
Linking C executable cmTC_509a4
/usr/bin/cmake -E cmake_link_script CMakeFiles/cmTC_509a4.dir/link.txt --verbose=1
/usr/bin/cc   -DCHECK_FUNCTION_EXISTS=pthread_create    CMakeFiles/cmTC_509a4.dir/CheckFunctionExists.c.o  -o cmTC_509a4 -rdynamic -lpthreads 
/usr/bin/ld: cannot find -lpthreads
collect2: error: ld returned 1 exit status
CMakeFiles/cmTC_509a4.dir/build.make:97: recipe for target 'cmTC_509a4' failed
make[1]: *** [cmTC_509a4] Error 1
make[1]: Leaving directory '/home/chenshengchen/ros/workspace/catkin_workspace/build/CMakeFiles/CMakeTmp'
Makefile:126: recipe for target 'cmTC_509a4/fast' failed
make: *** [cmTC_509a4/fast] Error 2


