Determining if the pthread_create exist failed with the following output:
Change Dir: /home/chenshengchen/ros/workspace/roboCupHome_tutorial_ChenshengCHEN/src/turtle_vis-build/CMakeFiles/CMakeTmp

Run Build Command:"/usr/bin/make" "cmTC_5844b/fast"
/usr/bin/make -f CMakeFiles/cmTC_5844b.dir/build.make CMakeFiles/cmTC_5844b.dir/build
make[1]: Entering directory '/home/chenshengchen/ros/workspace/roboCupHome_tutorial_ChenshengCHEN/src/turtle_vis-build/CMakeFiles/CMakeTmp'
Building C object CMakeFiles/cmTC_5844b.dir/CheckSymbolExists.c.o
/usr/bin/cc     -o CMakeFiles/cmTC_5844b.dir/CheckSymbolExists.c.o   -c /home/chenshengchen/ros/workspace/roboCupHome_tutorial_ChenshengCHEN/src/turtle_vis-build/CMakeFiles/CMakeTmp/CheckSymbolExists.c
Linking C executable cmTC_5844b
/usr/bin/cmake -E cmake_link_script CMakeFiles/cmTC_5844b.dir/link.txt --verbose=1
/usr/bin/cc       CMakeFiles/cmTC_5844b.dir/CheckSymbolExists.c.o  -o cmTC_5844b -rdynamic 
CMakeFiles/cmTC_5844b.dir/CheckSymbolExists.c.o: In function `main':
CheckSymbolExists.c:(.text+0x16): undefined reference to `pthread_create'
collect2: error: ld returned 1 exit status
CMakeFiles/cmTC_5844b.dir/build.make:97: recipe for target 'cmTC_5844b' failed
make[1]: *** [cmTC_5844b] Error 1
make[1]: Leaving directory '/home/chenshengchen/ros/workspace/roboCupHome_tutorial_ChenshengCHEN/src/turtle_vis-build/CMakeFiles/CMakeTmp'
Makefile:126: recipe for target 'cmTC_5844b/fast' failed
make: *** [cmTC_5844b/fast] Error 2

File /home/chenshengchen/ros/workspace/roboCupHome_tutorial_ChenshengCHEN/src/turtle_vis-build/CMakeFiles/CMakeTmp/CheckSymbolExists.c:
/* */
#include <pthread.h>

int main(int argc, char** argv)
{
  (void)argv;
#ifndef pthread_create
  return ((int*)(&pthread_create))[argc];
#else
  (void)argc;
  return 0;
#endif
}

Determining if the function pthread_create exists in the pthreads failed with the following output:
Change Dir: /home/chenshengchen/ros/workspace/roboCupHome_tutorial_ChenshengCHEN/src/turtle_vis-build/CMakeFiles/CMakeTmp

Run Build Command:"/usr/bin/make" "cmTC_9c21a/fast"
/usr/bin/make -f CMakeFiles/cmTC_9c21a.dir/build.make CMakeFiles/cmTC_9c21a.dir/build
make[1]: Entering directory '/home/chenshengchen/ros/workspace/roboCupHome_tutorial_ChenshengCHEN/src/turtle_vis-build/CMakeFiles/CMakeTmp'
Building C object CMakeFiles/cmTC_9c21a.dir/CheckFunctionExists.c.o
/usr/bin/cc    -DCHECK_FUNCTION_EXISTS=pthread_create   -o CMakeFiles/cmTC_9c21a.dir/CheckFunctionExists.c.o   -c /usr/share/cmake-3.5/Modules/CheckFunctionExists.c
Linking C executable cmTC_9c21a
/usr/bin/cmake -E cmake_link_script CMakeFiles/cmTC_9c21a.dir/link.txt --verbose=1
/usr/bin/cc   -DCHECK_FUNCTION_EXISTS=pthread_create    CMakeFiles/cmTC_9c21a.dir/CheckFunctionExists.c.o  -o cmTC_9c21a -rdynamic -lpthreads 
/usr/bin/ld: cannot find -lpthreads
collect2: error: ld returned 1 exit status
CMakeFiles/cmTC_9c21a.dir/build.make:97: recipe for target 'cmTC_9c21a' failed
make[1]: *** [cmTC_9c21a] Error 1
make[1]: Leaving directory '/home/chenshengchen/ros/workspace/roboCupHome_tutorial_ChenshengCHEN/src/turtle_vis-build/CMakeFiles/CMakeTmp'
Makefile:126: recipe for target 'cmTC_9c21a/fast' failed
make: *** [cmTC_9c21a/fast] Error 2


